<?xml version="1.0" encoding="UTF-8"?>
<!-- Generated by org.testng.reporters.JUnitXMLReporter -->
<testsuite hostname="DESKTOP-DCMLM20" ignored="0" name="Default test" tests="4" failures="0" timestamp="2021-12-11T10:44:07 IST" time="0.865" errors="0">
  <testcase name="values" time="0.006" classname="com.sdet.practise.DataProviderWithExcel1"/>
  <testcase name="values" time="0.0" classname="com.sdet.practise.DataProviderWithExcel1"/>
  <testcase name="values" time="0.001" classname="com.sdet.practise.DataProviderWithExcel1"/>
  <testcase name="values" time="0.001" classname="com.sdet.practise.DataProviderWithExcel1"/>
</testsuite> <!-- Default test -->
