<?xml version="1.0" encoding="UTF-8"?>
<!-- Generated by org.testng.reporters.JUnitXMLReporter -->
<testsuite hostname="DESKTOP-DCMLM20" ignored="0" name="chrome" tests="2" failures="0" timestamp="2021-12-08T12:32:01 IST" time="39.871" errors="0">
  <testcase name="createorganisation" time="17.127" classname="com.VTiger.TC.TC001_CreateOrganisationTest"/>
  <testcase name="createorgwithphoneno" time="11.876" classname="com.VTiger.TC.TC001_CreateOrganisationTest"/>
</testsuite> <!-- chrome -->
