<?xml version="1.0" encoding="UTF-8"?>
<!-- Generated by org.testng.reporters.JUnitXMLReporter -->
<testsuite hostname="DESKTOP-DCMLM20" ignored="0" name="firefox" tests="2" failures="0" timestamp="2021-12-08T12:32:02 IST" time="41.725" errors="0">
  <testcase name="CreateContact" time="15.723" classname="com.VTiger.TC.TC003_CreateContactwithOrganisationTest"/>
  <testcase name="createcontact" time="10.829" classname="com.VTiger.TC.TC003_CreateContactwithOrganisationTest"/>
</testsuite> <!-- firefox -->
