<?xml version="1.0" encoding="UTF-8"?>
<!-- Generated by org.testng.reporters.JUnitXMLReporter -->
<testsuite hostname="DESKTOP-DCMLM20" ignored="8" name="Test" tests="3" failures="0" timestamp="2021-12-07T12:21:15 IST" time="46.68" errors="0">
  <testcase name="createorganisation" time="9.604" classname="com.VTiger.TC.TC001_CreateOrganisationTest"/>
  <testcase name="CreateContact" time="9.878" classname="com.VTiger.TC.TC003_CreateContactwithOrganisationTest"/>
  <testcase name="CreateOrgwithDD" time="9.809" classname="com.VTiger.TC.TC002_CreateOrganisationwithdropdownTest"/>
  <testcase name="createorgwithphoneno" time="0.0" classname="com.VTiger.TC.TC001_CreateOrganisationTest">
    <ignored/>
  </testcase> <!-- createorgwithphoneno -->
  <testcase name="@BeforeSuite setUp" time="0.0" classname="com.VTiger.genericUtil.BaseClass">
    <ignored/>
  </testcase> <!-- @BeforeSuite setUp -->
  <testcase name="@BeforeSuite setUp" time="0.0" classname="com.VTiger.genericUtil.BaseClass">
    <ignored/>
  </testcase> <!-- @BeforeSuite setUp -->
  <testcase name="@BeforeSuite setUp" time="0.0" classname="com.VTiger.genericUtil.BaseClass">
    <ignored/>
  </testcase> <!-- @BeforeSuite setUp -->
  <testcase name="@AfterSuite setUplogout" time="0.0" classname="com.VTiger.genericUtil.BaseClass">
    <ignored/>
  </testcase> <!-- @AfterSuite setUplogout -->
  <testcase name="@AfterSuite setUplogout" time="0.0" classname="com.VTiger.genericUtil.BaseClass">
    <ignored/>
  </testcase> <!-- @AfterSuite setUplogout -->
  <testcase name="@AfterSuite setUplogout" time="0.0" classname="com.VTiger.genericUtil.BaseClass">
    <ignored/>
  </testcase> <!-- @AfterSuite setUplogout -->
  <testcase name="createcontact" time="0.0" classname="com.VTiger.TC.TC003_CreateContactwithOrganisationTest">
    <ignored/>
  </testcase> <!-- createcontact -->
</testsuite> <!-- Test -->
