<?xml version="1.0" encoding="UTF-8"?>
<!-- Generated by org.testng.reporters.JUnitXMLReporter -->
<testsuite hostname="DESKTOP-DCMLM20" ignored="0" name="Test2" tests="2" failures="0" timestamp="2021-12-09T11:46:01 IST" time="32.834" errors="0">
  <testcase name="CreateContact" time="14.534" classname="com.VTiger.TC.TC003_CreateContactwithOrganisationTest"/>
  <testcase name="createcontact" time="8.566" classname="com.VTiger.TC.TC003_CreateContactwithOrganisationTest"/>
</testsuite> <!-- Test2 -->
