<?xml version="1.0" encoding="UTF-8"?>
<testng-results skipped="0" failed="0" ignored="0" total="4" passed="4">
  <reporter-output>
  </reporter-output>
  <suite name="Default suite" duration-ms="865" started-at="2021-12-11T10:44:06 IST" finished-at="2021-12-11T10:44:07 IST">
    <groups>
    </groups>
    <test name="Default test" duration-ms="865" started-at="2021-12-11T10:44:06 IST" finished-at="2021-12-11T10:44:07 IST">
      <class name="com.sdet.practise.DataProviderWithExcel1">
        <test-method status="PASS" signature="values(java.lang.String,java.lang.String)[pri:0, instance:com.sdet.practise.DataProviderWithExcel1@6a1aab78]" name="values" duration-ms="6" started-at="2021-12-11T10:44:07 IST" data-provider="getValue" finished-at="2021-12-11T10:44:07 IST">
          <params>
            <param index="0">
              <value>
                <![CDATA[TYSS]]>
              </value>
            </param>
            <param index="1">
              <value>
                <![CDATA[Hyd]]>
              </value>
            </param>
          </params>
          <reporter-output>
          </reporter-output>
        </test-method> <!-- values -->
        <test-method status="PASS" signature="values(java.lang.String,java.lang.String)[pri:0, instance:com.sdet.practise.DataProviderWithExcel1@6a1aab78]" name="values" duration-ms="0" started-at="2021-12-11T10:44:07 IST" data-provider="getValue" finished-at="2021-12-11T10:44:07 IST">
          <params>
            <param index="0">
              <value>
                <![CDATA[Qsp]]>
              </value>
            </param>
            <param index="1">
              <value>
                <![CDATA[Bang]]>
              </value>
            </param>
          </params>
          <reporter-output>
          </reporter-output>
        </test-method> <!-- values -->
        <test-method status="PASS" signature="values(java.lang.String,java.lang.String)[pri:0, instance:com.sdet.practise.DataProviderWithExcel1@6a1aab78]" name="values" duration-ms="1" started-at="2021-12-11T10:44:07 IST" data-provider="getValue" finished-at="2021-12-11T10:44:07 IST">
          <params>
            <param index="0">
              <value>
                <![CDATA[jsp ]]>
              </value>
            </param>
            <param index="1">
              <value>
                <![CDATA[Delhi]]>
              </value>
            </param>
          </params>
          <reporter-output>
          </reporter-output>
        </test-method> <!-- values -->
        <test-method status="PASS" signature="values(java.lang.String,java.lang.String)[pri:0, instance:com.sdet.practise.DataProviderWithExcel1@6a1aab78]" name="values" duration-ms="1" started-at="2021-12-11T10:44:07 IST" data-provider="getValue" finished-at="2021-12-11T10:44:07 IST">
          <params>
            <param index="0">
              <value>
                <![CDATA[pysp]]>
              </value>
            </param>
            <param index="1">
              <value>
                <![CDATA[Noida]]>
              </value>
            </param>
          </params>
          <reporter-output>
          </reporter-output>
        </test-method> <!-- values -->
      </class> <!-- com.sdet.practise.DataProviderWithExcel1 -->
    </test> <!-- Default test -->
  </suite> <!-- Default suite -->
</testng-results>
